<?xml version="1.0" encoding="UTF-8"?>
<!-- Generated by org.testng.reporters.JUnitReportReporter -->
<testsuite hostname="marupakaraju" failures="0" tests="3" name="testCases.VerifyURL_TItle" time="5.052" errors="0" timestamp="2023-08-10T08:26:53 IST" skipped="0">
  <testcase classname="testCases.VerifyURL_TItle" name="Verify_Printer" time="0.001"/>
  <testcase classname="testCases.VerifyURL_TItle" name="Validate_URl" time="5.036"/>
  <testcase classname="testCases.VerifyURL_TItle" name="Validate_Title" time="0.015"/>
</testsuite> <!-- testCases.VerifyURL_TItle -->
