<?xml version="1.0" encoding="UTF-8"?>
<!-- Generated by org.testng.reporters.JUnitReportReporter -->
<testsuite hostname="marupakaraju" failures="0" tests="6" name="testCases.Validate_Login" time="22.399" errors="0" timestamp="2023-08-10T08:26:53 IST" skipped="0">
  <testcase classname="testCases.Validate_Login" name="Verify_Printer" time="0.005"/>
  <testcase classname="testCases.Validate_Login" name="Validate_URl" time="5.030"/>
  <testcase classname="testCases.Validate_Login" name="Validate_Title" time="0.026"/>
  <testcase classname="testCases.Validate_Login" name="Validate_Text" time="2.078"/>
  <testcase classname="testCases.Validate_Login" name="Validate_username_pass" time="12.973"/>
  <testcase classname="testCases.Validate_Login" name="Validate_LoginClick" time="2.287"/>
</testsuite> <!-- testCases.Validate_Login -->
