<?xml version="1.0" encoding="UTF-8"?>
<!-- Generated by org.testng.reporters.JUnitReportReporter -->
<testsuite hostname="marupakaraju" failures="0" tests="7" name="testCases.SenkeysMethds" time="77.030" errors="0" timestamp="2023-08-10T08:26:53 IST" skipped="0">
  <testcase classname="testCases.SenkeysMethds" name="Verify_Printer" time="0.021"/>
  <testcase classname="testCases.SenkeysMethds" name="Validate_URl" time="5.084"/>
  <testcase classname="testCases.SenkeysMethds" name="Validate_Text" time="2.155"/>
  <testcase classname="testCases.SenkeysMethds" name="Validate_username_nagetiveone" time="17.512"/>
  <testcase classname="testCases.SenkeysMethds" name="Validate_username_nagetivetwo" time="17.422"/>
  <testcase classname="testCases.SenkeysMethds" name="Validate_username_nagetivethree" time="19.483"/>
  <testcase classname="testCases.SenkeysMethds" name="Validate_username_Valid" time="15.353"/>
</testsuite> <!-- testCases.SenkeysMethds -->
