<?xml version="1.0" encoding="UTF-8"?>
<!-- Generated by org.testng.reporters.JUnitReportReporter -->
<testsuite hostname="marupakaraju" failures="0" tests="13" name="testCases.Assert_Validation" time="68.051" errors="0" timestamp="2023-08-10T08:26:53 IST" skipped="0">
  <testcase classname="testCases.Assert_Validation" name="Validate_URl" time="5.080"/>
  <testcase classname="testCases.Assert_Validation" name="Verify_Printer" time="0.001"/>
  <testcase classname="testCases.Assert_Validation" name="Validate_URl" time="5.069"/>
  <testcase classname="testCases.Assert_Validation" name="Validate_URl" time="5.064"/>
  <testcase classname="testCases.Assert_Validation" name="Validate_URl" time="5.088"/>
  <testcase classname="testCases.Assert_Validation" name="Validate_URl" time="5.066"/>
  <testcase classname="testCases.Assert_Validation" name="Validate_URl" time="5.077"/>
  <testcase classname="testCases.Assert_Validation" name="Validate_URl" time="5.081"/>
  <testcase classname="testCases.Assert_Validation" name="Validate_URl" time="5.067"/>
  <testcase classname="testCases.Assert_Validation" name="Validate_URl" time="5.062"/>
  <testcase classname="testCases.Assert_Validation" name="Validate_URl" time="5.073"/>
  <testcase classname="testCases.Assert_Validation" name="Validate_Text" time="2.139"/>
  <testcase classname="testCases.Assert_Validation" name="Validate_username_nagetiveone" time="15.184"/>
</testsuite> <!-- testCases.Assert_Validation -->
