<?xml version="1.0" encoding="UTF-8"?>
<!-- Generated by org.testng.reporters.JUnitReportReporter -->
<testsuite hostname="marupakaraju" failures="0" tests="6" name="testCases.NagetiveSendkeys" time="72.875" errors="0" timestamp="2023-08-10T08:26:53 IST" skipped="0">
  <testcase classname="testCases.NagetiveSendkeys" name="Verify_Printer" time="0.002"/>
  <testcase classname="testCases.NagetiveSendkeys" name="Validate_Text" time="2.599"/>
  <testcase classname="testCases.NagetiveSendkeys" name="LoginWith_SpecialChar" time="17.275"/>
  <testcase classname="testCases.NagetiveSendkeys" name="LoginWith_Digits" time="18.213"/>
  <testcase classname="testCases.NagetiveSendkeys" name="LoginWith_EmtyValues" time="19.489"/>
  <testcase classname="testCases.NagetiveSendkeys" name="Validate_username_Valid" time="15.297"/>
</testsuite> <!-- testCases.NagetiveSendkeys -->
